[2025-10-02 11:25:52] Watchdog thread started
[2025-10-02 11:26:10] Watchdog thread exiting
[2025-10-02 11:26:10] Watchdog thread started
[2025-10-02 11:26:15] Watchdog thread exiting
[2025-10-02 11:26:45] Watchdog thread started
[2025-10-02 11:27:24] Watchdog thread exiting
[2025-10-02 11:27:59] Watchdog thread started
[2025-10-02 11:28:05] Watchdog thread exiting
[2025-10-02 11:28:07] Watchdog thread started
[2025-10-02 11:28:45] Watchdog thread exiting
[2025-10-02 11:29:00] Watchdog thread started
[2025-10-02 11:40:31] Watchdog thread started
[2025-10-02 11:40:36] Watchdog thread exiting
[2025-10-02 11:40:39] Watchdog thread started
[2025-10-02 11:40:44] Watchdog thread exiting
[2025-10-02 11:41:01] Watchdog thread started
[2025-10-02 11:41:06] Watchdog thread exiting
[2025-10-02 11:41:08] Watchdog thread started
[2025-10-02 11:41:15] Watchdog thread exiting
[2025-10-05 11:05:17] Watchdog thread started
[2025-10-05 11:05:22] Watchdog thread exiting
[2025-10-05 11:05:27] Watchdog thread started
[2025-10-05 11:07:40] Watchdog thread started
[2025-10-05 11:07:46] Watchdog thread exiting
[2025-10-05 11:07:48] Watchdog thread started
[2025-10-05 11:28:03] Watchdog thread started
[2025-10-05 11:28:08] Watchdog thread exiting
[2025-10-05 11:28:11] Watchdog thread started
[2025-10-05 14:12:04] Watchdog thread started
[2025-10-05 14:12:09] Watchdog thread exiting
[2025-10-05 14:12:12] Watchdog thread started
[2025-10-05 14:12:25] Watchdog thread started
[2025-10-05 14:12:30] Watchdog thread exiting
[2025-10-05 14:12:35] Watchdog thread started
[2025-10-06 11:05:46] Watchdog thread started
[2025-10-06 11:05:52] Watchdog thread exiting
[2025-10-06 11:05:54] Watchdog thread started
[2025-10-06 13:35:25] Watchdog thread started
[2025-10-06 13:35:31] Watchdog thread exiting
[2025-10-06 13:35:34] Watchdog thread started
[2025-10-06 14:32:10] Watchdog thread started
[2025-10-06 14:32:15] Watchdog thread exiting
[2025-10-06 14:32:18] Watchdog thread started
[2025-10-06 16:06:27] Watchdog thread started
[2025-10-06 16:06:32] Watchdog thread exiting
[2025-10-06 16:06:34] Watchdog thread started
[2025-10-06 16:09:43] Watchdog thread started
[2025-10-06 16:09:48] Watchdog thread exiting
[2025-10-06 16:09:52] Watchdog thread started
[2025-10-06 16:11:58] Watchdog thread started
[2025-10-06 16:12:04] Watchdog thread exiting
[2025-10-06 16:12:06] Watchdog thread started
[2025-10-06 16:14:54] Watchdog thread started
[2025-10-06 16:14:59] Watchdog thread exiting
[2025-10-06 16:15:02] Watchdog thread started
[2025-10-06 16:18:38] Watchdog thread started
[2025-10-06 16:18:43] Watchdog thread exiting
[2025-10-06 16:18:46] Watchdog thread started
[2026-02-03 11:53:07] Watchdog thread started
[2026-02-03 11:53:13] Watchdog thread exiting
[2026-02-03 11:53:17] Watchdog thread started
[2026-02-03 12:01:42] Watchdog thread started
[2026-02-03 12:01:47] Watchdog thread exiting
[2026-02-03 12:01:52] Watchdog thread started
[2026-02-03 12:02:01] Watchdog thread started
[2026-02-03 12:02:07] Watchdog thread exiting
[2026-02-03 12:02:37] Watchdog thread started
[2026-02-03 12:55:36] Watchdog thread started
[2026-02-03 12:55:59] Watchdog thread started
[2026-02-03 12:56:24] Watchdog thread exiting
[2026-02-03 13:13:17] Watchdog thread started
[2026-02-03 13:13:37] Watchdog thread started
[2026-02-03 13:21:39] Watchdog thread started
[2026-02-03 13:23:15] Watchdog thread started
[2026-02-03 13:23:25] Watchdog thread started
[2026-02-03 13:30:46] Watchdog thread started
[2026-02-03 13:31:13] Watchdog thread started
[2026-02-03 13:31:34] Watchdog thread started
[2026-02-03 13:36:55] Watchdog thread started
[2026-02-03 13:37:13] Watchdog thread started
[2026-02-03 13:37:53] Watchdog thread started
[2026-02-03 13:38:13] Watchdog thread started
[2026-02-03 13:41:24] Watchdog thread started
[2026-02-03 13:41:40] Watchdog thread started
[2026-02-03 13:50:11] Watchdog thread started
[2026-02-03 13:50:23] Watchdog thread started
[2026-02-03 13:54:15] Watchdog thread started
[2026-02-03 13:54:26] Watchdog thread started
[2026-02-03 14:00:49] Watchdog thread started
[2026-02-03 14:01:00] Watchdog thread started
[2026-02-03 14:01:13] Watchdog thread exiting
[2026-02-03 14:03:30] Watchdog thread started
[2026-02-03 14:03:44] Watchdog thread started
[2026-02-03 14:03:59] Watchdog thread exiting
[2026-02-03 14:06:47] Watchdog thread started
[2026-02-03 14:06:58] Watchdog thread started
[2026-02-03 14:30:19] Watchdog thread exiting
[2026-02-03 14:30:25] Watchdog thread started
[2026-02-03 14:30:36] Watchdog thread started
[2026-02-03 14:31:17] Watchdog thread started
[2026-02-03 14:33:41] Watchdog thread exiting
[2026-02-03 14:33:48] Watchdog thread started
[2026-02-03 14:34:00] Watchdog thread started
[2026-02-03 14:43:59] Watchdog thread exiting
[2026-02-03 14:44:22] Watchdog thread started
[2026-02-03 14:44:38] Watchdog thread started
[2026-02-03 14:50:00] Watchdog thread started
[2026-02-03 14:50:13] Watchdog thread started
[2026-02-03 14:50:33] Watchdog thread exiting
[2026-02-03 14:50:36] Watchdog thread started
[2026-02-03 14:50:53] Watchdog thread started
[2026-02-03 14:51:48] Watchdog thread exiting
[2026-02-03 14:52:26] Watchdog thread started
[2026-02-03 14:52:57] Watchdog thread started
[2026-02-03 15:00:54] Watchdog thread exiting
[2026-02-03 15:07:19] Watchdog thread started
[2026-02-03 15:14:46] Watchdog thread started
[2026-02-03 15:22:03] Watchdog thread started
[2026-02-03 15:25:35] Watchdog thread started
[2026-02-03 15:26:56] Watchdog thread started
[2026-02-03 15:40:14] Watchdog thread started
[2026-02-03 15:46:55] Watchdog thread started
[2026-02-03 15:47:05] Watchdog thread exiting
[2026-02-03 15:47:05] Watchdog thread started
[2026-02-03 15:47:23] Watchdog thread exiting
[2026-02-03 15:47:23] Watchdog thread started
[2026-02-03 15:47:33] Watchdog thread started
[2026-02-03 15:47:46] Watchdog thread exiting
[2026-02-03 16:35:53] Watchdog thread started
[2026-02-03 16:36:13] Watchdog: Heartbeat timeout (err=0x000000B7)
[2026-02-03 16:36:13] Cannot create a file when that file already exists.

[2026-02-03 16:36:13] Submitting event: https://kontentum.link/rest/submitEvent/s3sxqb/344/Heartbeat%20timeout
[2026-02-03 16:36:13] Event submitted (16 bytes): {"success":true}
[2026-02-03 16:36:13] Notifying server: https://kontentum.link/rest/clientNotify/s3sxqb/344/WatchdogCrashDetected
[2026-02-03 16:36:14] Server notification completed
[2026-02-03 16:36:14] Releasing app mutex before restart
[2026-02-03 16:36:14] CreateProcessW failed for restart
[2026-02-23 09:51:47] Watchdog thread started
[2026-02-27 11:16:33] Watchdog thread started
